<?xml version="1.0" encoding="UTF-8"?>
<!-- Generated by org.testng.reporters.JUnitReportReporter -->
<testsuite skipped="2" hostname="LAPTOP-UDOD7SLT" name="Test.ClickAndSearchTest" tests="3" failures="0" timestamp="25 Nov 2021 06:39:01 GMT" time="24.450" errors="1">
  <testcase name="init" time="24.450" classname="Test.ClickAndSearchTest">
    <error type="org.openqa.selenium.SessionNotCreatedException" message="session not created: This version of ChromeDriver only supports Chrome version 92
Current browser version is 96.0.4664.45 with binary path C:\Program Files (x86)\Google\Chrome\Application\chrome.exe
Build info: version: &#039;3.141.59&#039;, revision: &#039;e82be7d358&#039;, time: &#039;2018-11-14T08:17:03&#039;
System info: host: &#039;LAPTOP-UDOD7SLT&#039;, ip: &#039;192.168.43.69&#039;, os.name: &#039;Windows 10&#039;, os.arch: &#039;amd64&#039;, os.version: &#039;10.0&#039;, java.version: &#039;1.8.0_144&#039;
Driver info: driver.version: ChromeDriver
remote stacktrace: Backtrace:
	Ordinal0 [0x00AA2A33+2501171]
	Ordinal0 [0x00A3D1C1+2085313]
	Ordinal0 [0x00941FA8+1056680]
	Ordinal0 [0x0096020A+1180170]
	Ordinal0 [0x0095C125+1163557]
	Ordinal0 [0x0095997F+1153407]
	Ordinal0 [0x0098999F+1350047]
	Ordinal0 [0x0098960A+1349130]
	Ordinal0 [0x0098551B+1332507]
	Ordinal0 [0x00961D74+1187188]
	Ordinal0 [0x00962BD9+1190873]
	GetHandleVerifier [0x00C1EFE6+1504438]
	GetHandleVerifier [0x00CCDDA5+2220661]
	GetHandleVerifier [0x00B25589+481881]
	GetHandleVerifier [0x00B24639+477961]
	Ordinal0 [0x00A428BD+2107581]
	Ordinal0 [0x00A46728+2123560]
	Ordinal0 [0x00A46862+2123874]
	Ordinal0 [0x00A4FA81+2161281]
	BaseThreadInitThunk [0x7599F989+25]
	RtlGetAppContainerNamedObjectPath [0x77515DE4+228]
	RtlGetAppContainerNamedObjectPath [0x77515DB4+180]
">
      <![CDATA[org.openqa.selenium.SessionNotCreatedException: session not created: This version of ChromeDriver only supports Chrome version 92
Current browser version is 96.0.4664.45 with binary path C:\Program Files (x86)\Google\Chrome\Application\chrome.exe
Build info: version: '3.141.59', revision: 'e82be7d358', time: '2018-11-14T08:17:03'
System info: host: 'LAPTOP-UDOD7SLT', ip: '192.168.43.69', os.name: 'Windows 10', os.arch: 'amd64', os.version: '10.0', java.version: '1.8.0_144'
Driver info: driver.version: ChromeDriver
remote stacktrace: Backtrace:
Ordinal0 [0x00AA2A33+2501171]
Ordinal0 [0x00A3D1C1+2085313]
Ordinal0 [0x00941FA8+1056680]
Ordinal0 [0x0096020A+1180170]
Ordinal0 [0x0095C125+1163557]
Ordinal0 [0x0095997F+1153407]
Ordinal0 [0x0098999F+1350047]
Ordinal0 [0x0098960A+1349130]
Ordinal0 [0x0098551B+1332507]
Ordinal0 [0x00961D74+1187188]
Ordinal0 [0x00962BD9+1190873]
GetHandleVerifier [0x00C1EFE6+1504438]
GetHandleVerifier [0x00CCDDA5+2220661]
GetHandleVerifier [0x00B25589+481881]
GetHandleVerifier [0x00B24639+477961]
Ordinal0 [0x00A428BD+2107581]
Ordinal0 [0x00A46728+2123560]
Ordinal0 [0x00A46862+2123874]
Ordinal0 [0x00A4FA81+2161281]
BaseThreadInitThunk [0x7599F989+25]
RtlGetAppContainerNamedObjectPath [0x77515DE4+228]
RtlGetAppContainerNamedObjectPath [0x77515DB4+180]

at sun.reflect.NativeConstructorAccessorImpl.newInstance0(Native Method)
at sun.reflect.NativeConstructorAccessorImpl.newInstance(NativeConstructorAccessorImpl.java:62)
at sun.reflect.DelegatingConstructorAccessorImpl.newInstance(DelegatingConstructorAccessorImpl.java:45)
at java.lang.reflect.Constructor.newInstance(Constructor.java:423)
at org.openqa.selenium.remote.W3CHandshakeResponse.lambda$errorHandler$0(W3CHandshakeResponse.java:62)
at org.openqa.selenium.remote.HandshakeResponse.lambda$getResponseFunction$0(HandshakeResponse.java:30)
at org.openqa.selenium.remote.ProtocolHandshake.lambda$createSession$0(ProtocolHandshake.java:126)
at java.util.stream.ReferencePipeline$3$1.accept(ReferencePipeline.java:193)
at java.util.Spliterators$ArraySpliterator.tryAdvance(Spliterators.java:958)
at java.util.stream.ReferencePipeline.forEachWithCancel(ReferencePipeline.java:126)
at java.util.stream.AbstractPipeline.copyIntoWithCancel(AbstractPipeline.java:498)
at java.util.stream.AbstractPipeline.copyInto(AbstractPipeline.java:485)
at java.util.stream.AbstractPipeline.wrapAndCopyInto(AbstractPipeline.java:471)
at java.util.stream.FindOps$FindOp.evaluateSequential(FindOps.java:152)
at java.util.stream.AbstractPipeline.evaluate(AbstractPipeline.java:234)
at java.util.stream.ReferencePipeline.findFirst(ReferencePipeline.java:464)
at org.openqa.selenium.remote.ProtocolHandshake.createSession(ProtocolHandshake.java:128)
at org.openqa.selenium.remote.ProtocolHandshake.createSession(ProtocolHandshake.java:74)
at org.openqa.selenium.remote.HttpCommandExecutor.execute(HttpCommandExecutor.java:136)
at org.openqa.selenium.remote.service.DriverCommandExecutor.execute(DriverCommandExecutor.java:83)
at org.openqa.selenium.remote.RemoteWebDriver.execute(RemoteWebDriver.java:552)
at org.openqa.selenium.remote.RemoteWebDriver.startSession(RemoteWebDriver.java:213)
at org.openqa.selenium.remote.RemoteWebDriver.<init>(RemoteWebDriver.java:131)
at org.openqa.selenium.chrome.ChromeDriver.<init>(ChromeDriver.java:181)
at org.openqa.selenium.chrome.ChromeDriver.<init>(ChromeDriver.java:168)
at org.openqa.selenium.chrome.ChromeDriver.<init>(ChromeDriver.java:123)
at baseFile.TestBase.initializeDriver(TestBase.java:46)
at Test.ClickAndSearchTest.init(ClickAndSearchTest.java:20)
at sun.reflect.NativeMethodAccessorImpl.invoke0(Native Method)
at sun.reflect.NativeMethodAccessorImpl.invoke(NativeMethodAccessorImpl.java:62)
at sun.reflect.DelegatingMethodAccessorImpl.invoke(DelegatingMethodAccessorImpl.java:43)
at java.lang.reflect.Method.invoke(Method.java:498)
at org.testng.internal.MethodInvocationHelper.invokeMethod(MethodInvocationHelper.java:124)
at org.testng.internal.MethodInvocationHelper.invokeMethodConsideringTimeout(MethodInvocationHelper.java:59)
at org.testng.internal.Invoker.invokeConfigurationMethod(Invoker.java:458)
at org.testng.internal.Invoker.invokeConfigurations(Invoker.java:222)
at org.testng.internal.Invoker.invokeConfigurations(Invoker.java:142)
at org.testng.internal.TestMethodWorker.invokeBeforeClassMethods(TestMethodWorker.java:168)
at org.testng.internal.TestMethodWorker.run(TestMethodWorker.java:105)
at org.testng.TestRunner.privateRun(TestRunner.java:648)
at org.testng.TestRunner.run(TestRunner.java:505)
at org.testng.SuiteRunner.runTest(SuiteRunner.java:455)
at org.testng.SuiteRunner.runSequentially(SuiteRunner.java:450)
at org.testng.SuiteRunner.privateRun(SuiteRunner.java:415)
at org.testng.SuiteRunner.run(SuiteRunner.java:364)
at org.testng.SuiteRunnerWorker.runSuite(SuiteRunnerWorker.java:52)
at org.testng.SuiteRunnerWorker.run(SuiteRunnerWorker.java:84)
at org.testng.TestNG.runSuitesSequentially(TestNG.java:1208)
at org.testng.TestNG.runSuitesLocally(TestNG.java:1137)
at org.testng.TestNG.runSuites(TestNG.java:1049)
at org.testng.TestNG.run(TestNG.java:1017)
at org.testng.remote.AbstractRemoteTestNG.run(AbstractRemoteTestNG.java:114)
at org.testng.remote.RemoteTestNG.initAndRun(RemoteTestNG.java:251)
at org.testng.remote.RemoteTestNG.main(RemoteTestNG.java:77)
]]>
    </error>
  </testcase> <!-- init -->
  <testcase name="search" time="0.000" classname="Test.ClickAndSearchTest">
    <skipped/>
  </testcase> <!-- search -->
  <testcase name="click" time="0.000" classname="Test.ClickAndSearchTest">
    <skipped/>
  </testcase> <!-- click -->
</testsuite> <!-- Test.ClickAndSearchTest -->
